2017-10-03 05:47:29 Service root has been started.
2017-10-03 05:47:44 Exiting shepherd...
2017-10-03 05:48:17 Service root has been started.
2017-10-03 05:49:31 Service redshift has been started.
2017-10-03 05:49:31 wrong-type-arg(#f "Wrong type (expecting ~A): ~S" ("exact integer" #t) (#t))
2017-10-03 05:49:31 Service redshift has been stopped.
2017-10-03 05:51:15 Exiting shepherd...
2017-10-03 05:51:21 Service root has been started.
2017-10-03 05:51:32 Service redshift has been started.
2017-10-03 05:51:48 wrong-type-arg(#f "Wrong type (expecting ~A): ~S" ("exact integer" #t) (#t))
2017-10-03 05:51:48 Service redshift has been stopped.
2017-10-03 05:52:04 Exiting shepherd...
2017-10-03 05:53:46 Service root has been started.
2017-10-03 05:53:54 Service redshift has been started.
2017-10-03 05:54:14 wrong-type-arg(#f "Wrong type (expecting ~A): ~S" ("exact integer" #t) (#t))
2017-10-03 05:54:14 Service redshift has been stopped.
2017-10-03 05:54:27 Exiting shepherd...
2017-10-03 05:58:37 Service root has been started.
2017-10-03 05:58:37 srfi-34(#<condition &missing-service-error [name: daemons] 24337c0>)
2017-10-03 05:58:59 Service root has been started.
2017-10-03 05:59:35 warning: 'waitpid' -1 failed unexpectedly: No child processes
2017-10-03 05:59:35 Service redshift has been started.
2017-10-03 05:59:44 Exiting shepherd...
2017-10-03 05:59:44 wrong-type-arg(#f "Wrong type (expecting ~A): ~S" ("exact integer" #t) (#t))
2017-10-03 05:59:44 Service redshift has been stopped.
2017-10-03 05:59:54 Service root has been started.
2017-10-03 05:59:54 warning: 'waitpid' -1 failed unexpectedly: No child processes
2017-10-03 05:59:54 Service redshift has been started.
2017-10-03 06:00:33 wrong-type-arg(#f "Wrong type (expecting ~A): ~S" ("exact integer" #t) (#t))
2017-10-03 06:00:33 Service redshift has been stopped.
2017-10-03 06:00:42 Service redshift has been started.
2017-10-03 06:01:50 wrong-type-arg(#f "Wrong type (expecting ~A): ~S" ("exact integer" #t) (#t))
2017-10-03 06:01:50 Service redshift has been stopped.
2017-10-03 06:03:35 Exiting shepherd...
2017-10-03 06:05:10 Service root has been started.
2017-10-03 06:05:10 warning: 'waitpid' -1 failed unexpectedly: No child processes
2017-10-03 06:05:10 Service redshift has been started.
2017-10-03 06:05:42 wrong-type-arg(#f "Wrong type (expecting ~A): ~S" ("exact integer" #t) (#t))
2017-10-03 06:05:42 Service redshift has been stopped.
2017-10-03 06:07:21 Exiting shepherd...
2017-10-03 06:07:27 Service root has been started.
2017-10-03 06:07:27 warning: 'waitpid' -1 failed unexpectedly: No child processes
2017-10-03 06:07:27 Service redshift has been started.
2017-10-03 06:07:27 srfi-34(#<condition &action-runtime-error [service: #<<service> d9f2a0> action: start key: match-error arguments: ("match" "no matching pattern" #t)] ffcc00>)
2017-10-03 06:07:40 Exiting shepherd...
2017-10-03 06:07:40 system-error("kill" "~A" ("No such process") (3))
2017-10-03 06:07:40 Service redshift has been stopped.
2017-10-03 06:08:13 Service root has been started.
2017-10-03 06:08:13 Service redshift has been started.
2017-10-03 06:08:35 Exiting shepherd...
2017-10-03 06:08:35 system-error("kill" "~A" ("No such process") (3))
2017-10-03 06:08:35 Service redshift has been stopped.
2017-10-03 06:08:42 Service root has been started.
2017-10-03 06:08:42 Service redshift has been started.
2017-10-03 06:08:58 Exiting shepherd...
2017-10-03 06:08:58 system-error("kill" "~A" ("No such process") (3))
2017-10-03 06:08:58 Service redshift has been stopped.
2017-10-03 06:09:33 Service root has been started.
2017-10-03 06:09:33 Service redshift has been started.
2017-10-03 06:09:39 Exiting shepherd...
2017-10-03 06:09:39 system-error("kill" "~A" ("No such process") (3))
2017-10-03 06:09:39 Service redshift has been stopped.
2017-10-03 06:10:37 Service root has been started.
2017-10-03 06:10:37 Service redshift has been started.
2017-10-03 06:10:59 Service redshift has been stopped.
2017-10-03 06:11:14 Service redshift has been started.
2017-10-03 06:11:30 Service redshift has been stopped.
2017-10-03 06:11:30 Service redshift has been started.
2017-10-03 06:11:51 Exiting shepherd...
2017-10-03 06:11:51 Service redshift has been stopped.
2017-10-03 06:14:16 Service root has been started.
2017-10-03 06:14:16 Service redshift has been started.
2017-10-03 06:21:38 Exiting shepherd...
2017-10-03 06:21:38 Service redshift has been stopped.
2017-10-03 06:21:49 Service root has been started.
2017-10-03 06:21:49 Service redshift has been started.
2017-10-05 02:34:45 Service root has been started.
2017-10-05 02:34:45 Service redshift has been started.
2017-10-06 02:42:59 Service root has been started.
2017-10-06 02:42:59 Service redshift has been started.
2017-10-06 07:27:22 Service root has been started.
2017-10-06 07:27:22 Service redshift has been started.
2017-10-07 17:22:11 Service root has been started.
2017-10-07 17:22:11 Service redshift has been started.
2017-10-08 06:47:40 Service root has been started.
2017-10-08 06:47:40 Service redshift has been started.
2017-10-09 01:29:18 Service root has been started.
2017-10-09 01:29:18 Service redshift has been started.
2017-10-09 14:07:22 Service root has been started.
2017-10-09 14:07:22 Service redshift has been started.
2017-10-09 18:09:42 Service root has been started.
2017-10-09 18:09:42 Service redshift has been started.
2017-10-09 19:42:13 Exiting shepherd...
2017-10-09 19:42:13 Service redshift has been stopped.
2017-10-09 19:42:18 Service root has been started.
2017-10-09 19:42:18 Service redshift has been started.
2017-10-10 08:35:40 Service root has been started.
2017-10-10 08:35:40 Service redshift has been started.
2017-10-12 16:37:41 Service root has been started.
2017-10-12 16:37:41 Service redshift has been started.
2017-10-15 01:55:17 Service root has been started.
2017-10-15 01:55:17 Service redshift has been started.
2017-10-16 14:02:25 Service root has been started.
2017-10-16 14:02:25 Service redshift has been started.
2017-10-19 22:27:03 Service root has been started.
2017-10-19 22:27:03 Service redshift has been started.
2017-10-19 23:55:45 Service root has been started.
2017-10-19 23:55:45 Service redshift has been started.
2017-10-20 22:10:15 Service root has been started.
2017-10-20 22:10:15 Service redshift has been started.
2017-10-20 22:14:16 Service root has been started.
2017-10-20 22:14:16 Service redshift has been started.
2017-10-25 21:07:32 Service redshift has been stopped.
2017-10-25 21:07:45 Service redshift has been started.
2017-10-26 06:06:07 Service redshift has been stopped.
2017-10-26 06:06:10 Service redshift has been started.
2017-10-28 22:52:35 Service root has been started.
2017-10-28 22:52:35 Service redshift has been started.
2017-10-30 01:33:16 Service root has been started.
2017-10-30 01:33:16 Service redshift has been started.
2017-11-04 19:41:48 Service root has been started.
2017-11-04 19:41:48 Service redshift has been started.
2017-11-05 18:50:41 Service root has been started.
2017-11-05 18:50:41 Service redshift has been started.
2017-11-05 19:05:51 Service root has been started.
2017-11-05 19:05:51 Service redshift has been started.
2017-11-05 19:51:22 Service redshift has been stopped.
2017-11-05 19:51:22 Service redshift has been started.
2017-11-13 16:36:56 Service root has been started.
2017-11-13 16:36:56 Service redshift has been started.
2017-11-13 17:09:30 Service redshift has been stopped.
2017-11-13 17:09:30 Service redshift has been started.
2017-11-13 23:17:37 Loading /home/natsu/dotfiles/shepherd/.config/shepherd/init.scm.
2017-11-13 23:17:37 Assertion (null? (lookup-services (canonical-name new))) failed.
2017-11-13 23:18:22 Unloading all optional services: '(redshift)'...
2017-11-13 23:18:22 Service redshift has been stopped.
2017-11-13 23:18:22 Done.
2017-11-13 23:18:22 Loading /home/natsu/dotfiles/shepherd/.config/shepherd/init.scm.
2017-11-13 23:18:22 Service redshift has been started.
2017-11-13 23:18:22 Service transmission has been started.
2017-11-14 10:26:22 Loading /home/natsu/dotfiles/shepherd/.config/shepherd/init.scm.
2017-11-14 10:26:22 Assertion (null? (lookup-services (canonical-name new))) failed.
2017-11-14 10:26:48 Loading /home/natsu/dotfiles/shepherd/.config/shepherd/init.scm.
2017-11-14 10:26:48 Service emacs has been started.
2017-11-14 10:28:08 Service emacs has been stopped.
2017-11-14 10:28:08 Service emacs has been started.
2017-11-14 10:28:17 Service emacs has been stopped.
2017-11-14 10:46:06 Unloading all optional services: '(transmission emacs redshift)'...
2017-11-14 10:46:06 system-error("kill" "~A" ("No such process") (3))
2017-11-14 10:46:06 Service transmission has been stopped.
2017-11-14 10:46:06 Service redshift has been stopped.
2017-11-14 10:46:06 Done.
2017-11-14 10:46:06 Loading /home/natsu/dotfiles/shepherd/.config/shepherd/init.scm.
2017-11-14 10:46:46 Unloading all optional services: '(emacs)'...
2017-11-14 10:46:46 Done.
2017-11-14 10:46:46 Loading /home/natsu/dotfiles/shepherd/.config/shepherd/init.scm.
2017-11-14 10:47:01 Service emacs has been started.
2017-11-14 10:49:00 Unloading all optional services: '(transmission emacs redshift)'...
2017-11-14 10:49:00 wrong-type-arg(#f "Wrong type (expecting ~A): ~S" ("exact integer" ("emacsclient--eval(kill-emacs)")) (("emacsclient--eval(kill-emacs)")))
2017-11-14 10:49:00 Service emacs has been stopped.
2017-11-14 10:49:00 Done.
2017-11-14 10:49:00 Loading /home/natsu/dotfiles/shepherd/.config/shepherd/init.scm.
2017-11-14 10:49:10 Service emacs has been started.
2017-11-14 10:49:59 Unloading all optional services: '(transmission emacs redshift)'...
2017-11-14 10:49:59 wrong-type-arg(#f "Wrong type (expecting ~A): ~S" ("exact integer" ("emacsclient--eval(kill-emacs)")) (("emacsclient--eval(kill-emacs)")))
2017-11-14 10:49:59 Service emacs has been stopped.
2017-11-14 10:49:59 Done.
2017-11-14 10:49:59 Loading /home/natsu/dotfiles/shepherd/.config/shepherd/init.scm.
2017-11-14 10:50:27 Unloading all optional services: '(transmission redshift)'...
2017-11-14 10:50:27 Done.
2017-11-14 10:50:27 Loading /home/natsu/dotfiles/shepherd/.config/shepherd/init.scm.
2017-11-14 10:54:02 Unloading all optional services: '(transmission emacs redshift)'...
2017-11-14 10:54:02 Done.
2017-11-14 10:54:02 Loading /home/natsu/dotfiles/shepherd/.config/shepherd/init.scm.
2017-11-14 11:07:09 Unloading all optional services: '(transmission emacs redshift)'...
2017-11-14 11:07:09 Done.
2017-11-14 11:07:09 Loading /home/natsu/dotfiles/shepherd/.config/shepherd/init.scm.
2017-11-14 11:08:54 Unloading all optional services: '()'...
2017-11-14 11:08:54 Done.
2017-11-14 11:08:54 Loading /home/natsu/dotfiles/shepherd/.config/shepherd/init.scm.
2017-11-14 11:10:35 Unloading all optional services: '()'...
2017-11-14 11:10:35 Done.
2017-11-14 11:10:35 Loading /home/natsu/dotfiles/shepherd/.config/shepherd/init.scm.
2017-11-14 11:11:40 Unloading all optional services: '()'...
2017-11-14 11:11:40 Done.
2017-11-14 11:11:40 Loading /home/natsu/dotfiles/shepherd/.config/shepherd/init.scm.
2017-11-14 11:56:46 Service root has been started.
2017-11-14 11:56:46 unbound-variable(#f "Unbound variable: ~S" (%bin-directory) #f)
2017-11-14 11:57:42 Service root has been started.
2017-11-14 11:57:42 Service redshift has been started.
2017-11-14 12:05:32 Service root has been started.
2017-11-14 12:05:32 Service redshift has been started.
2017-11-14 12:06:04 Service root has been started.
2017-11-14 12:06:04 Service redshift has been started.
2017-11-14 12:58:01 Service redshift has been stopped.
2017-11-14 12:58:08 Service redshift has been started.
2017-11-14 16:12:50 Service root has been started.
2017-11-14 16:12:50 Service redshift has been started.
2017-11-14 16:12:59 Service transmission has been started.
2017-11-14 16:13:17 Service transmission has been stopped.
2017-11-14 16:23:29 Service redshift has been stopped.
2017-11-14 16:23:29 Service redshift has been started.
2017-11-14 22:50:48 Service redshift has been stopped.
2017-11-14 22:50:48 Service redshift has been started.
2017-11-15 02:33:25 Service root has been started.
2017-11-15 02:33:25 Service redshift has been started.
2017-11-15 21:42:34 Service transmission is not running.
2017-11-15 21:42:34 Service transmission has been started.
2017-11-15 21:42:42 Service transmission has been stopped.
2017-11-15 21:42:49 Service redshift has been stopped.
2017-11-15 21:42:49 Service redshift has been started.
2017-11-16 18:21:09 Service transmission has been started.
2017-11-16 18:23:48 Service transmission has been stopped.
2017-11-16 18:25:43 Service transmission has been started.
2017-11-16 22:58:21 Service redshift has been stopped.
2017-11-16 22:58:21 Service redshift has been started.
2017-11-18 01:37:28 Service redshift has been stopped.
2017-11-18 01:37:28 Service redshift has been started.
2017-11-19 18:14:44 Service redshift has been stopped.
2017-11-19 18:14:44 Service redshift has been started.
2017-11-20 10:11:31 Service redshift has been stopped.
2017-11-20 10:11:31 Service redshift has been started.
2017-11-25 10:26:29 Service root has been started.
2017-11-25 10:26:29 Service redshift has been started.
2017-11-25 12:01:29 Service redshift has been stopped.
2017-11-25 12:01:29 Service redshift has been started.
2017-11-26 03:25:15 Service redshift has been stopped.
2017-11-26 03:25:15 Service redshift has been started.
2017-11-26 05:20:28 Service redshift has been stopped.
2017-11-26 05:20:28 Service redshift has been started.
2017-11-26 17:34:28 Service redshift has been stopped.
2017-11-26 17:34:28 Service redshift has been started.
2017-11-27 14:03:05 Service redshift has been stopped.
2017-11-27 14:03:05 Service redshift has been started.
2017-11-27 17:23:50 Service root has been started.
2017-11-27 17:23:50 Service redshift has been started.
2017-11-28 19:54:32 Service root has been started.
2017-11-28 19:54:32 Service redshift has been started.
2017-11-29 07:13:05 Service root has been started.
2017-11-29 07:13:05 Service redshift has been started.
